<?xml version="1.0" encoding="UTF-8"?>
<testng-results skipped="0" failed="7" total="8" passed="1">
  <reporter-output>
    <line>
      <![CDATA[

 Get path : http://104.199.158.27:7979/]]>
    </line>
    <line>
      <![CDATA[
 Response code received : 200]]>
    </line>
    <line>
      <![CDATA[
 Response String received : <!DOCTYPE html PUBLIC "-//W3C//DTD HTML 4.01 Transitional//EN" "http://www.w3.org/TR/html4/loose.dtd">
<html>
<head>
<base href="/hystrix">
<meta http-equiv="Content-Type" content="text/html; charset=ISO-8859-1">
<title>Hystrix Dashboard</title>

	<!-- Javascript to monitor and display -->
	<script src="/webjars/jquery/2.1.1/jquery.min.js" type="text/javascript"></script>
	
	<script>
		function sendToMonitor() {
			
			if($('#stream').val().length > 0) {
				var url = "/hystrix/monitor?stream=" + encodeURIComponent($('#stream').val()) + "";
				if($('#delay').val().length > 0) {	
					url += "&delay=" + $('#delay').val();
				}
				if($('#title').val().length > 0) {	
					url += "&title=" + encodeURIComponent($('#title').val());
				}
				location.href= url;
			} else {
				$('#message').html("The 'stream' value is required.");
			}
		}
	</script>
</head>
<body>
<div style="width:800px;margin:0 auto;">
	
	<center>
	<img width="264" height="233" src="/hystrix/images/hystrix-logo.png">
	<br>
	<br>
	
	<h2>Hystrix Dashboard</h2>
	<input id="stream" type="textfield" size="120" placeholder="http://hostname:port/turbine/turbine.stream"></input>
	<br><br>
	<i>Cluster via Turbine (default cluster):</i> http://turbine-hostname:port/turbine.stream
	<br>
	<i>Cluster via Turbine (custom cluster):</i> http://turbine-hostname:port/turbine.stream?cluster=[clusterName]
	<br>
	<i>Single Hystrix App:</i> http://hystrix-app:port/hystrix.stream
	<br><br>
	Delay: <input id="delay" type="textfield" size="10" placeholder="2000"></input>ms 
	&nbsp;&nbsp;&nbsp;&nbsp; 
	Title: <input id="title" type="textfield" size="60" placeholder="Example Hystrix App"></input><br>
	<br>
	<button onclick="sendToMonitor()">Monitor Stream</button>
	<br><br>
	<div id="message" style="color:red"></div>
	
	</center>
</div>
</body>
</html>]]>
    </line>
    <line>
      <![CDATA[

 Get path : http://104.199.158.27:7979/lastn]]>
    </line>
    <line>
      <![CDATA[
 Response code received : 404]]>
    </line>
    <line>
      <![CDATA[
 Response String received : {"timestamp":1477474278962,"status":404,"error":"Not Found","message":"No message available","path":"/lastn"}]]>
    </line>
    <line>
      <![CDATA[

 Get path : http://104.199.158.27:7979/ping]]>
    </line>
    <line>
      <![CDATA[
 Response code received : 404]]>
    </line>
    <line>
      <![CDATA[
 Response String received : {"timestamp":1477474279454,"status":404,"error":"Not Found","message":"No message available","path":"/ping"}]]>
    </line>
    <line>
      <![CDATA[

 Get path : http://104.199.158.27:7979/health]]>
    </line>
    <line>
      <![CDATA[
 Response code received : 200]]>
    </line>
    <line>
      <![CDATA[
 Response String received : {"status":"UP","diskSpace":{"status":"UP","total":105654812672,"free":98012565504,"threshold":10485760},"refreshScope":{"status":"UP"},"hystrix":{"status":"UP"}}]]>
    </line>
    <line>
      <![CDATA[

 Get path : http://104.199.158.27:7979/hosts/gateway]]>
    </line>
    <line>
      <![CDATA[
 Response code received : 404]]>
    </line>
    <line>
      <![CDATA[
 Response String received : {"timestamp":1477474280224,"status":404,"error":"Not Found","message":"No message available","path":"/hosts/gateway"}]]>
    </line>
    <line>
      <![CDATA[

 Get path : http://104.199.158.27:7979/movie/env]]>
    </line>
    <line>
      <![CDATA[
 Response code received : 404]]>
    </line>
    <line>
      <![CDATA[
 Response String received : {"timestamp":1477474280580,"status":404,"error":"Not Found","message":"No message available","path":"/movie/env"}]]>
    </line>
    <line>
      <![CDATA[

 Get path : http://104.199.158.27:7979/movie/autoconfig]]>
    </line>
    <line>
      <![CDATA[
 Response code received : 404]]>
    </line>
    <line>
      <![CDATA[
 Response String received : {"timestamp":1477474280935,"status":404,"error":"Not Found","message":"No message available","path":"/movie/autoconfig"}]]>
    </line>
    <line>
      <![CDATA[

 Get path : http://104.199.158.27:7979/]]>
    </line>
    <line>
      <![CDATA[
 Response code received : 200]]>
    </line>
    <line>
      <![CDATA[
 Response String received : <!DOCTYPE html PUBLIC "-//W3C//DTD HTML 4.01 Transitional//EN" "http://www.w3.org/TR/html4/loose.dtd">
<html>
<head>
<base href="/hystrix">
<meta http-equiv="Content-Type" content="text/html; charset=ISO-8859-1">
<title>Hystrix Dashboard</title>

	<!-- Javascript to monitor and display -->
	<script src="/webjars/jquery/2.1.1/jquery.min.js" type="text/javascript"></script>
	
	<script>
		function sendToMonitor() {
			
			if($('#stream').val().length > 0) {
				var url = "/hystrix/monitor?stream=" + encodeURIComponent($('#stream').val()) + "";
				if($('#delay').val().length > 0) {	
					url += "&delay=" + $('#delay').val();
				}
				if($('#title').val().length > 0) {	
					url += "&title=" + encodeURIComponent($('#title').val());
				}
				location.href= url;
			} else {
				$('#message').html("The 'stream' value is required.");
			}
		}
	</script>
</head>
<body>
<div style="width:800px;margin:0 auto;">
	
	<center>
	<img width="264" height="233" src="/hystrix/images/hystrix-logo.png">
	<br>
	<br>
	
	<h2>Hystrix Dashboard</h2>
	<input id="stream" type="textfield" size="120" placeholder="http://hostname:port/turbine/turbine.stream"></input>
	<br><br>
	<i>Cluster via Turbine (default cluster):</i> http://turbine-hostname:port/turbine.stream
	<br>
	<i>Cluster via Turbine (custom cluster):</i> http://turbine-hostname:port/turbine.stream?cluster=[clusterName]
	<br>
	<i>Single Hystrix App:</i> http://hystrix-app:port/hystrix.stream
	<br><br>
	Delay: <input id="delay" type="textfield" size="10" placeholder="2000"></input>ms 
	&nbsp;&nbsp;&nbsp;&nbsp; 
	Title: <input id="title" type="textfield" size="60" placeholder="Example Hystrix App"></input><br>
	<br>
	<button onclick="sendToMonitor()">Monitor Stream</button>
	<br><br>
	<div id="message" style="color:red"></div>
	
	</center>
</div>
</body>
</html>]]>
    </line>
    <line>
      <![CDATA[
 Both response code and string are matching with expected output. Hence Passed the test.]]>
    </line>
  </reporter-output>
  <suite name="Eureka1" duration-ms="337" started-at="2016-10-26T09:31:21Z" finished-at="2016-10-26T09:31:21Z">
    <groups>
      <group name="get">
        <method signature="GenerateTest.getTest(java.lang.String, java.lang.String, java.lang.String, java.lang.String)[pri:0, instance:com.bluemeric.test.GenerateTest@63753b6d]" name="getTest" class="com.bluemeric.test.GenerateTest"/>
      </group> <!-- get -->
    </groups>
    <test name="GET-Eureka1" duration-ms="337" started-at="2016-10-26T09:31:21Z" finished-at="2016-10-26T09:31:21Z">
      <class name="com.bluemeric.test.GenerateTest">
        <test-method status="PASS" signature="getTest(java.lang.String, java.lang.String, java.lang.String, java.lang.String)[pri:0, instance:com.bluemeric.test.GenerateTest@63753b6d]" name="getTest" duration-ms="335" started-at="2016-10-26T09:31:21Z" finished-at="2016-10-26T09:31:21Z">
          <params>
            <param index="0">
              <value>
                <![CDATA[104.199.158.27:7979]]>
              </value>
            </param>
            <param index="1">
              <value>
                <![CDATA[]]>
              </value>
            </param>
            <param index="2">
              <value>
                <![CDATA[eureka1.txt]]>
              </value>
            </param>
            <param index="3">
              <value>
                <![CDATA[eureka1]]>
              </value>
            </param>
          </params>
        </test-method> <!-- getTest -->
      </class> <!-- com.bluemeric.test.GenerateTest -->
    </test> <!-- GET-Eureka1 -->
  </suite> <!-- Eureka1 -->
  <suite name="Eureka2" duration-ms="1830" started-at="2016-10-26T09:31:19Z" finished-at="2016-10-26T09:31:21Z">
    <groups>
      <group name="get">
        <method signature="GenerateTest.getTest(java.lang.String, java.lang.String, java.lang.String, java.lang.String)[pri:0, instance:com.bluemeric.test.GenerateTest@10bdf5e5]" name="getTest" class="com.bluemeric.test.GenerateTest"/>
        <method signature="GenerateTest.getTest(java.lang.String, java.lang.String, java.lang.String, java.lang.String)[pri:0, instance:com.bluemeric.test.GenerateTest@544fe44c]" name="getTest" class="com.bluemeric.test.GenerateTest"/>
        <method signature="GenerateTest.getTest(java.lang.String, java.lang.String, java.lang.String, java.lang.String)[pri:0, instance:com.bluemeric.test.GenerateTest@4e1d422d]" name="getTest" class="com.bluemeric.test.GenerateTest"/>
        <method signature="GenerateTest.getTest(java.lang.String, java.lang.String, java.lang.String, java.lang.String)[pri:0, instance:com.bluemeric.test.GenerateTest@4fe3c938]" name="getTest" class="com.bluemeric.test.GenerateTest"/>
        <method signature="GenerateTest.getTest(java.lang.String, java.lang.String, java.lang.String, java.lang.String)[pri:0, instance:com.bluemeric.test.GenerateTest@56235b8e]" name="getTest" class="com.bluemeric.test.GenerateTest"/>
      </group> <!-- get -->
    </groups>
    <test name="GET-Eureka2-ping" duration-ms="349" started-at="2016-10-26T09:31:19Z" finished-at="2016-10-26T09:31:19Z">
      <class name="com.bluemeric.test.GenerateTest">
        <test-method status="FAIL" signature="getTest(java.lang.String, java.lang.String, java.lang.String, java.lang.String)[pri:0, instance:com.bluemeric.test.GenerateTest@10bdf5e5]" name="getTest" duration-ms="348" started-at="2016-10-26T09:31:19Z" finished-at="2016-10-26T09:31:19Z">
          <params>
            <param index="0">
              <value>
                <![CDATA[104.199.158.27:7979]]>
              </value>
            </param>
            <param index="1">
              <value>
                <![CDATA[ping]]>
              </value>
            </param>
            <param index="2">
              <value>
                <![CDATA[ping.txt]]>
              </value>
            </param>
            <param index="3">
              <value>
                <![CDATA[eureka2]]>
              </value>
            </param>
          </params>
          <exception class="java.lang.AssertionError">
            <message>
              <![CDATA[Expected response code is 200. But got 404. Hence failed the test.]]>
            </message>
            <full-stacktrace>
              <![CDATA[java.lang.AssertionError: Expected response code is 200. But got 404. Hence failed the test.
	at org.testng.Assert.fail(Assert.java:89)
	at com.bluemeric.test.GenerateTest.getTest(Unknown Source)
	at sun.reflect.NativeMethodAccessorImpl.invoke0(Native Method)
	at sun.reflect.NativeMethodAccessorImpl.invoke(NativeMethodAccessorImpl.java:62)
	at sun.reflect.DelegatingMethodAccessorImpl.invoke(DelegatingMethodAccessorImpl.java:43)
	at java.lang.reflect.Method.invoke(Method.java:498)
	at org.testng.internal.MethodInvocationHelper.invokeMethod(MethodInvocationHelper.java:80)
	at org.testng.internal.Invoker.invokeMethod(Invoker.java:702)
	at org.testng.internal.Invoker.invokeTestMethod(Invoker.java:894)
	at org.testng.internal.Invoker.invokeTestMethods(Invoker.java:1219)
	at org.testng.internal.TestMethodWorker.invokeTestMethods(TestMethodWorker.java:127)
	at org.testng.internal.TestMethodWorker.run(TestMethodWorker.java:111)
	at org.testng.TestRunner.privateRun(TestRunner.java:768)
	at org.testng.TestRunner.run(TestRunner.java:617)
	at org.testng.SuiteRunner.runTest(SuiteRunner.java:334)
	at org.testng.SuiteRunner.runSequentially(SuiteRunner.java:329)
	at org.testng.SuiteRunner.privateRun(SuiteRunner.java:291)
	at org.testng.SuiteRunner.run(SuiteRunner.java:240)
	at org.testng.SuiteRunnerWorker.runSuite(SuiteRunnerWorker.java:53)
	at org.testng.SuiteRunnerWorker.run(SuiteRunnerWorker.java:87)
	at org.testng.TestNG.runSuitesSequentially(TestNG.java:1188)
	at org.testng.TestNG.runSuitesLocally(TestNG.java:1113)
	at org.testng.TestNG.run(TestNG.java:1025)
	at com.bluemeric.test.RunTest.runTests(Unknown Source)
	at com.bluemeric.test.RunTest.main(Unknown Source)
]]>
            </full-stacktrace>
          </exception> <!-- java.lang.AssertionError -->
        </test-method> <!-- getTest -->
      </class> <!-- com.bluemeric.test.GenerateTest -->
    </test> <!-- GET-Eureka2-ping -->
    <test name="GET-Eureka2-health" duration-ms="417" started-at="2016-10-26T09:31:19Z" finished-at="2016-10-26T09:31:19Z">
      <class name="com.bluemeric.test.GenerateTest">
        <test-method status="FAIL" signature="getTest(java.lang.String, java.lang.String, java.lang.String, java.lang.String)[pri:0, instance:com.bluemeric.test.GenerateTest@544fe44c]" name="getTest" duration-ms="415" started-at="2016-10-26T09:31:19Z" finished-at="2016-10-26T09:31:19Z">
          <params>
            <param index="0">
              <value>
                <![CDATA[104.199.158.27:7979]]>
              </value>
            </param>
            <param index="1">
              <value>
                <![CDATA[health]]>
              </value>
            </param>
            <param index="2">
              <value>
                <![CDATA[health.txt]]>
              </value>
            </param>
            <param index="3">
              <value>
                <![CDATA[eureka2]]>
              </value>
            </param>
          </params>
          <exception class="java.lang.AssertionError">
            <message>
              <![CDATA[Expected response is localApplication. But received reponse = {"status":"UP","diskSpace":{"status":"UP","total":105654812672,"free":98012565504,"threshold":10485760},"refreshScope":{"status":"UP"},"hystrix":{"status":"UP"}}. Output mismatching. Hence failing the test.]]>
            </message>
            <full-stacktrace>
              <![CDATA[java.lang.AssertionError: Expected response is localApplication. But received reponse = {"status":"UP","diskSpace":{"status":"UP","total":105654812672,"free":98012565504,"threshold":10485760},"refreshScope":{"status":"UP"},"hystrix":{"status":"UP"}}. Output mismatching. Hence failing the test.
	at org.testng.Assert.fail(Assert.java:89)
	at com.bluemeric.test.GenerateTest.getTest(Unknown Source)
	at sun.reflect.NativeMethodAccessorImpl.invoke0(Native Method)
	at sun.reflect.NativeMethodAccessorImpl.invoke(NativeMethodAccessorImpl.java:62)
	at sun.reflect.DelegatingMethodAccessorImpl.invoke(DelegatingMethodAccessorImpl.java:43)
	at java.lang.reflect.Method.invoke(Method.java:498)
	at org.testng.internal.MethodInvocationHelper.invokeMethod(MethodInvocationHelper.java:80)
	at org.testng.internal.Invoker.invokeMethod(Invoker.java:702)
	at org.testng.internal.Invoker.invokeTestMethod(Invoker.java:894)
	at org.testng.internal.Invoker.invokeTestMethods(Invoker.java:1219)
	at org.testng.internal.TestMethodWorker.invokeTestMethods(TestMethodWorker.java:127)
	at org.testng.internal.TestMethodWorker.run(TestMethodWorker.java:111)
	at org.testng.TestRunner.privateRun(TestRunner.java:768)
	at org.testng.TestRunner.run(TestRunner.java:617)
	at org.testng.SuiteRunner.runTest(SuiteRunner.java:334)
	at org.testng.SuiteRunner.runSequentially(SuiteRunner.java:329)
	at org.testng.SuiteRunner.privateRun(SuiteRunner.java:291)
	at org.testng.SuiteRunner.run(SuiteRunner.java:240)
	at org.testng.SuiteRunnerWorker.runSuite(SuiteRunnerWorker.java:53)
	at org.testng.SuiteRunnerWorker.run(SuiteRunnerWorker.java:87)
	at org.testng.TestNG.runSuitesSequentially(TestNG.java:1188)
	at org.testng.TestNG.runSuitesLocally(TestNG.java:1113)
	at org.testng.TestNG.run(TestNG.java:1025)
	at com.bluemeric.test.RunTest.runTests(Unknown Source)
	at com.bluemeric.test.RunTest.main(Unknown Source)
]]>
            </full-stacktrace>
          </exception> <!-- java.lang.AssertionError -->
        </test-method> <!-- getTest -->
      </class> <!-- com.bluemeric.test.GenerateTest -->
    </test> <!-- GET-Eureka2-health -->
    <test name="GET-Eureka2-gateway" duration-ms="354" started-at="2016-10-26T09:31:19Z" finished-at="2016-10-26T09:31:20Z">
      <class name="com.bluemeric.test.GenerateTest">
        <test-method status="FAIL" signature="getTest(java.lang.String, java.lang.String, java.lang.String, java.lang.String)[pri:0, instance:com.bluemeric.test.GenerateTest@4e1d422d]" name="getTest" duration-ms="353" started-at="2016-10-26T09:31:19Z" finished-at="2016-10-26T09:31:20Z">
          <params>
            <param index="0">
              <value>
                <![CDATA[104.199.158.27:7979]]>
              </value>
            </param>
            <param index="1">
              <value>
                <![CDATA[hosts/gateway]]>
              </value>
            </param>
            <param index="2">
              <value>
                <![CDATA[gateway.txt]]>
              </value>
            </param>
            <param index="3">
              <value>
                <![CDATA[eureka2]]>
              </value>
            </param>
          </params>
          <exception class="java.lang.AssertionError">
            <message>
              <![CDATA[Expected response code is 200. But got 404. Hence failed the test.]]>
            </message>
            <full-stacktrace>
              <![CDATA[java.lang.AssertionError: Expected response code is 200. But got 404. Hence failed the test.
	at org.testng.Assert.fail(Assert.java:89)
	at com.bluemeric.test.GenerateTest.getTest(Unknown Source)
	at sun.reflect.NativeMethodAccessorImpl.invoke0(Native Method)
	at sun.reflect.NativeMethodAccessorImpl.invoke(NativeMethodAccessorImpl.java:62)
	at sun.reflect.DelegatingMethodAccessorImpl.invoke(DelegatingMethodAccessorImpl.java:43)
	at java.lang.reflect.Method.invoke(Method.java:498)
	at org.testng.internal.MethodInvocationHelper.invokeMethod(MethodInvocationHelper.java:80)
	at org.testng.internal.Invoker.invokeMethod(Invoker.java:702)
	at org.testng.internal.Invoker.invokeTestMethod(Invoker.java:894)
	at org.testng.internal.Invoker.invokeTestMethods(Invoker.java:1219)
	at org.testng.internal.TestMethodWorker.invokeTestMethods(TestMethodWorker.java:127)
	at org.testng.internal.TestMethodWorker.run(TestMethodWorker.java:111)
	at org.testng.TestRunner.privateRun(TestRunner.java:768)
	at org.testng.TestRunner.run(TestRunner.java:617)
	at org.testng.SuiteRunner.runTest(SuiteRunner.java:334)
	at org.testng.SuiteRunner.runSequentially(SuiteRunner.java:329)
	at org.testng.SuiteRunner.privateRun(SuiteRunner.java:291)
	at org.testng.SuiteRunner.run(SuiteRunner.java:240)
	at org.testng.SuiteRunnerWorker.runSuite(SuiteRunnerWorker.java:53)
	at org.testng.SuiteRunnerWorker.run(SuiteRunnerWorker.java:87)
	at org.testng.TestNG.runSuitesSequentially(TestNG.java:1188)
	at org.testng.TestNG.runSuitesLocally(TestNG.java:1113)
	at org.testng.TestNG.run(TestNG.java:1025)
	at com.bluemeric.test.RunTest.runTests(Unknown Source)
	at com.bluemeric.test.RunTest.main(Unknown Source)
]]>
            </full-stacktrace>
          </exception> <!-- java.lang.AssertionError -->
        </test-method> <!-- getTest -->
      </class> <!-- com.bluemeric.test.GenerateTest -->
    </test> <!-- GET-Eureka2-gateway -->
    <test name="GET-Eureka2-movie-env" duration-ms="349" started-at="2016-10-26T09:31:20Z" finished-at="2016-10-26T09:31:20Z">
      <class name="com.bluemeric.test.GenerateTest">
        <test-method status="FAIL" signature="getTest(java.lang.String, java.lang.String, java.lang.String, java.lang.String)[pri:0, instance:com.bluemeric.test.GenerateTest@4fe3c938]" name="getTest" duration-ms="347" started-at="2016-10-26T09:31:20Z" finished-at="2016-10-26T09:31:20Z">
          <params>
            <param index="0">
              <value>
                <![CDATA[104.199.158.27:7979]]>
              </value>
            </param>
            <param index="1">
              <value>
                <![CDATA[movie/env]]>
              </value>
            </param>
            <param index="2">
              <value>
                <![CDATA[movieenv.txt]]>
              </value>
            </param>
            <param index="3">
              <value>
                <![CDATA[eureka2]]>
              </value>
            </param>
          </params>
          <exception class="java.lang.AssertionError">
            <message>
              <![CDATA[Expected response code is 200. But got 404. Hence failed the test.]]>
            </message>
            <full-stacktrace>
              <![CDATA[java.lang.AssertionError: Expected response code is 200. But got 404. Hence failed the test.
	at org.testng.Assert.fail(Assert.java:89)
	at com.bluemeric.test.GenerateTest.getTest(Unknown Source)
	at sun.reflect.NativeMethodAccessorImpl.invoke0(Native Method)
	at sun.reflect.NativeMethodAccessorImpl.invoke(NativeMethodAccessorImpl.java:62)
	at sun.reflect.DelegatingMethodAccessorImpl.invoke(DelegatingMethodAccessorImpl.java:43)
	at java.lang.reflect.Method.invoke(Method.java:498)
	at org.testng.internal.MethodInvocationHelper.invokeMethod(MethodInvocationHelper.java:80)
	at org.testng.internal.Invoker.invokeMethod(Invoker.java:702)
	at org.testng.internal.Invoker.invokeTestMethod(Invoker.java:894)
	at org.testng.internal.Invoker.invokeTestMethods(Invoker.java:1219)
	at org.testng.internal.TestMethodWorker.invokeTestMethods(TestMethodWorker.java:127)
	at org.testng.internal.TestMethodWorker.run(TestMethodWorker.java:111)
	at org.testng.TestRunner.privateRun(TestRunner.java:768)
	at org.testng.TestRunner.run(TestRunner.java:617)
	at org.testng.SuiteRunner.runTest(SuiteRunner.java:334)
	at org.testng.SuiteRunner.runSequentially(SuiteRunner.java:329)
	at org.testng.SuiteRunner.privateRun(SuiteRunner.java:291)
	at org.testng.SuiteRunner.run(SuiteRunner.java:240)
	at org.testng.SuiteRunnerWorker.runSuite(SuiteRunnerWorker.java:53)
	at org.testng.SuiteRunnerWorker.run(SuiteRunnerWorker.java:87)
	at org.testng.TestNG.runSuitesSequentially(TestNG.java:1188)
	at org.testng.TestNG.runSuitesLocally(TestNG.java:1113)
	at org.testng.TestNG.run(TestNG.java:1025)
	at com.bluemeric.test.RunTest.runTests(Unknown Source)
	at com.bluemeric.test.RunTest.main(Unknown Source)
]]>
            </full-stacktrace>
          </exception> <!-- java.lang.AssertionError -->
        </test-method> <!-- getTest -->
      </class> <!-- com.bluemeric.test.GenerateTest -->
    </test> <!-- GET-Eureka2-movie-env -->
    <test name="GET-Eureka2-movie-autoconfig" duration-ms="352" started-at="2016-10-26T09:31:20Z" finished-at="2016-10-26T09:31:21Z">
      <class name="com.bluemeric.test.GenerateTest">
        <test-method status="FAIL" signature="getTest(java.lang.String, java.lang.String, java.lang.String, java.lang.String)[pri:0, instance:com.bluemeric.test.GenerateTest@56235b8e]" name="getTest" duration-ms="351" started-at="2016-10-26T09:31:20Z" finished-at="2016-10-26T09:31:21Z">
          <params>
            <param index="0">
              <value>
                <![CDATA[104.199.158.27:7979]]>
              </value>
            </param>
            <param index="1">
              <value>
                <![CDATA[movie/autoconfig]]>
              </value>
            </param>
            <param index="2">
              <value>
                <![CDATA[autoconfig.txt]]>
              </value>
            </param>
            <param index="3">
              <value>
                <![CDATA[eureka2]]>
              </value>
            </param>
          </params>
          <exception class="java.lang.AssertionError">
            <message>
              <![CDATA[Expected response code is 200. But got 404. Hence failed the test.]]>
            </message>
            <full-stacktrace>
              <![CDATA[java.lang.AssertionError: Expected response code is 200. But got 404. Hence failed the test.
	at org.testng.Assert.fail(Assert.java:89)
	at com.bluemeric.test.GenerateTest.getTest(Unknown Source)
	at sun.reflect.NativeMethodAccessorImpl.invoke0(Native Method)
	at sun.reflect.NativeMethodAccessorImpl.invoke(NativeMethodAccessorImpl.java:62)
	at sun.reflect.DelegatingMethodAccessorImpl.invoke(DelegatingMethodAccessorImpl.java:43)
	at java.lang.reflect.Method.invoke(Method.java:498)
	at org.testng.internal.MethodInvocationHelper.invokeMethod(MethodInvocationHelper.java:80)
	at org.testng.internal.Invoker.invokeMethod(Invoker.java:702)
	at org.testng.internal.Invoker.invokeTestMethod(Invoker.java:894)
	at org.testng.internal.Invoker.invokeTestMethods(Invoker.java:1219)
	at org.testng.internal.TestMethodWorker.invokeTestMethods(TestMethodWorker.java:127)
	at org.testng.internal.TestMethodWorker.run(TestMethodWorker.java:111)
	at org.testng.TestRunner.privateRun(TestRunner.java:768)
	at org.testng.TestRunner.run(TestRunner.java:617)
	at org.testng.SuiteRunner.runTest(SuiteRunner.java:334)
	at org.testng.SuiteRunner.runSequentially(SuiteRunner.java:329)
	at org.testng.SuiteRunner.privateRun(SuiteRunner.java:291)
	at org.testng.SuiteRunner.run(SuiteRunner.java:240)
	at org.testng.SuiteRunnerWorker.runSuite(SuiteRunnerWorker.java:53)
	at org.testng.SuiteRunnerWorker.run(SuiteRunnerWorker.java:87)
	at org.testng.TestNG.runSuitesSequentially(TestNG.java:1188)
	at org.testng.TestNG.runSuitesLocally(TestNG.java:1113)
	at org.testng.TestNG.run(TestNG.java:1025)
	at com.bluemeric.test.RunTest.runTests(Unknown Source)
	at com.bluemeric.test.RunTest.main(Unknown Source)
]]>
            </full-stacktrace>
          </exception> <!-- java.lang.AssertionError -->
        </test-method> <!-- getTest -->
      </class> <!-- com.bluemeric.test.GenerateTest -->
    </test> <!-- GET-Eureka2-movie-autoconfig -->
  </suite> <!-- Eureka2 -->
  <suite name="Eureka" duration-ms="1904" started-at="2016-10-26T09:31:17Z" finished-at="2016-10-26T09:31:19Z">
    <groups>
      <group name="get">
        <method signature="GenerateTest.getTest(java.lang.String, java.lang.String, java.lang.String, java.lang.String)[pri:0, instance:com.bluemeric.test.GenerateTest@617c74e5]" name="getTest" class="com.bluemeric.test.GenerateTest"/>
        <method signature="GenerateTest.getTest(java.lang.String, java.lang.String, java.lang.String, java.lang.String)[pri:0, instance:com.bluemeric.test.GenerateTest@49993335]" name="getTest" class="com.bluemeric.test.GenerateTest"/>
      </group> <!-- get -->
    </groups>
    <test name="GET-Eureka" duration-ms="1392" started-at="2016-10-26T09:31:17Z" finished-at="2016-10-26T09:31:18Z">
      <class name="com.bluemeric.test.GenerateTest">
        <test-method status="FAIL" signature="getTest(java.lang.String, java.lang.String, java.lang.String, java.lang.String)[pri:0, instance:com.bluemeric.test.GenerateTest@617c74e5]" name="getTest" duration-ms="1373" started-at="2016-10-26T09:31:17Z" finished-at="2016-10-26T09:31:18Z">
          <params>
            <param index="0">
              <value>
                <![CDATA[104.199.158.27:7979]]>
              </value>
            </param>
            <param index="1">
              <value>
                <![CDATA[]]>
              </value>
            </param>
            <param index="2">
              <value>
                <![CDATA[eureka.txt]]>
              </value>
            </param>
            <param index="3">
              <value>
                <![CDATA[eureka]]>
              </value>
            </param>
          </params>
          <exception class="java.lang.AssertionError">
            <message>
              <![CDATA[Expected response is Instances currently registered with Eureka. But received reponse = <!DOCTYPE html PUBLIC "-//W3C//DTD HTML 4.01 Transitional//EN" "http://www.w3.org/TR/html4/loose.dtd">
<html>
<head>
<base href="/hystrix">
<meta http-equiv="Content-Type" content="text/html; charset=ISO-8859-1">
<title>Hystrix Dashboard</title>

	<!-- Javascript to monitor and display -->
	<script src="/webjars/jquery/2.1.1/jquery.min.js" type="text/javascript"></script>
	
	<script>
		function sendToMonitor() {
			
			if($('#stream').val().length > 0) {
				var url = "/hystrix/monitor?stream=" + encodeURIComponent($('#stream').val()) + "";
				if($('#delay').val().length > 0) {	
					url += "&delay=" + $('#delay').val();
				}
				if($('#title').val().length > 0) {	
					url += "&title=" + encodeURIComponent($('#title').val());
				}
				location.href= url;
			} else {
				$('#message').html("The 'stream' value is required.");
			}
		}
	</script>
</head>
<body>
<div style="width:800px;margin:0 auto;">
	
	<center>
	<img width="264" height="233" src="/hystrix/images/hystrix-logo.png">
	<br>
	<br>
	
	<h2>Hystrix Dashboard</h2>
	<input id="stream" type="textfield" size="120" placeholder="http://hostname:port/turbine/turbine.stream"></input>
	<br><br>
	<i>Cluster via Turbine (default cluster):</i> http://turbine-hostname:port/turbine.stream
	<br>
	<i>Cluster via Turbine (custom cluster):</i> http://turbine-hostname:port/turbine.stream?cluster=[clusterName]
	<br>
	<i>Single Hystrix App:</i> http://hystrix-app:port/hystrix.stream
	<br><br>
	Delay: <input id="delay" type="textfield" size="10" placeholder="2000"></input>ms 
	&nbsp;&nbsp;&nbsp;&nbsp; 
	Title: <input id="title" type="textfield" size="60" placeholder="Example Hystrix App"></input><br>
	<br>
	<button onclick="sendToMonitor()">Monitor Stream</button>
	<br><br>
	<div id="message" style="color:red"></div>
	
	</center>
</div>
</body>
</html>. Output mismatching. Hence failing the test.]]>
            </message>
            <full-stacktrace>
              <![CDATA[java.lang.AssertionError: Expected response is Instances currently registered with Eureka. But received reponse = <!DOCTYPE html PUBLIC "-//W3C//DTD HTML 4.01 Transitional//EN" "http://www.w3.org/TR/html4/loose.dtd">
<html>
<head>
<base href="/hystrix">
<meta http-equiv="Content-Type" content="text/html; charset=ISO-8859-1">
<title>Hystrix Dashboard</title>

	<!-- Javascript to monitor and display -->
	<script src="/webjars/jquery/2.1.1/jquery.min.js" type="text/javascript"></script>
	
	<script>
		function sendToMonitor() {
			
			if($('#stream').val().length > 0) {
				var url = "/hystrix/monitor?stream=" + encodeURIComponent($('#stream').val()) + "";
				if($('#delay').val().length > 0) {	
					url += "&delay=" + $('#delay').val();
				}
				if($('#title').val().length > 0) {	
					url += "&title=" + encodeURIComponent($('#title').val());
				}
				location.href= url;
			} else {
				$('#message').html("The 'stream' value is required.");
			}
		}
	</script>
</head>
<body>
<div style="width:800px;margin:0 auto;">
	
	<center>
	<img width="264" height="233" src="/hystrix/images/hystrix-logo.png">
	<br>
	<br>
	
	<h2>Hystrix Dashboard</h2>
	<input id="stream" type="textfield" size="120" placeholder="http://hostname:port/turbine/turbine.stream"></input>
	<br><br>
	<i>Cluster via Turbine (default cluster):</i> http://turbine-hostname:port/turbine.stream
	<br>
	<i>Cluster via Turbine (custom cluster):</i> http://turbine-hostname:port/turbine.stream?cluster=[clusterName]
	<br>
	<i>Single Hystrix App:</i> http://hystrix-app:port/hystrix.stream
	<br><br>
	Delay: <input id="delay" type="textfield" size="10" placeholder="2000"></input>ms 
	&nbsp;&nbsp;&nbsp;&nbsp; 
	Title: <input id="title" type="textfield" size="60" placeholder="Example Hystrix App"></input><br>
	<br>
	<button onclick="sendToMonitor()">Monitor Stream</button>
	<br><br>
	<div id="message" style="color:red"></div>
	
	</center>
</div>
</body>
</html>. Output mismatching. Hence failing the test.
	at org.testng.Assert.fail(Assert.java:89)
	at com.bluemeric.test.GenerateTest.getTest(Unknown Source)
	at sun.reflect.NativeMethodAccessorImpl.invoke0(Native Method)
	at sun.reflect.NativeMethodAccessorImpl.invoke(NativeMethodAccessorImpl.java:62)
	at sun.reflect.DelegatingMethodAccessorImpl.invoke(DelegatingMethodAccessorImpl.java:43)
	at java.lang.reflect.Method.invoke(Method.java:498)
	at org.testng.internal.MethodInvocationHelper.invokeMethod(MethodInvocationHelper.java:80)
	at org.testng.internal.Invoker.invokeMethod(Invoker.java:702)
	at org.testng.internal.Invoker.invokeTestMethod(Invoker.java:894)
	at org.testng.internal.Invoker.invokeTestMethods(Invoker.java:1219)
	at org.testng.internal.TestMethodWorker.invokeTestMethods(TestMethodWorker.java:127)
	at org.testng.internal.TestMethodWorker.run(TestMethodWorker.java:111)
	at org.testng.TestRunner.privateRun(TestRunner.java:768)
	at org.testng.TestRunner.run(TestRunner.java:617)
	at org.testng.SuiteRunner.runTest(SuiteRunner.java:334)
	at org.testng.SuiteRunner.runSequentially(SuiteRunner.java:329)
	at org.testng.SuiteRunner.privateRun(SuiteRunner.java:291)
	at org.testng.SuiteRunner.run(SuiteRunner.java:240)
	at org.testng.SuiteRunnerWorker.runSuite(SuiteRunnerWorker.java:53)
	at org.testng.SuiteRunnerWorker.run(SuiteRunnerWorker.java:87)
	at org.testng.TestNG.runSuitesSequentially(TestNG.java:1188)
	at org.testng.TestNG.runSuitesLocally(TestNG.java:1113)
	at org.testng.TestNG.run(TestNG.java:1025)
	at com.bluemeric.test.RunTest.runTests(Unknown Source)
	at com.bluemeric.test.RunTest.main(Unknown Source)
]]>
            </full-stacktrace>
          </exception> <!-- java.lang.AssertionError -->
        </test-method> <!-- getTest -->
      </class> <!-- com.bluemeric.test.GenerateTest -->
    </test> <!-- GET-Eureka -->
    <test name="GET-Eureka-startup" duration-ms="492" started-at="2016-10-26T09:31:18Z" finished-at="2016-10-26T09:31:19Z">
      <class name="com.bluemeric.test.GenerateTest">
        <test-method status="FAIL" signature="getTest(java.lang.String, java.lang.String, java.lang.String, java.lang.String)[pri:0, instance:com.bluemeric.test.GenerateTest@49993335]" name="getTest" duration-ms="491" started-at="2016-10-26T09:31:18Z" finished-at="2016-10-26T09:31:19Z">
          <params>
            <param index="0">
              <value>
                <![CDATA[104.199.158.27:7979]]>
              </value>
            </param>
            <param index="1">
              <value>
                <![CDATA[lastn]]>
              </value>
            </param>
            <param index="2">
              <value>
                <![CDATA[lastn.txt]]>
              </value>
            </param>
            <param index="3">
              <value>
                <![CDATA[eureka]]>
              </value>
            </param>
          </params>
          <exception class="java.lang.AssertionError">
            <message>
              <![CDATA[Expected response code is 200. But got 404. Hence failed the test.]]>
            </message>
            <full-stacktrace>
              <![CDATA[java.lang.AssertionError: Expected response code is 200. But got 404. Hence failed the test.
	at org.testng.Assert.fail(Assert.java:89)
	at com.bluemeric.test.GenerateTest.getTest(Unknown Source)
	at sun.reflect.NativeMethodAccessorImpl.invoke0(Native Method)
	at sun.reflect.NativeMethodAccessorImpl.invoke(NativeMethodAccessorImpl.java:62)
	at sun.reflect.DelegatingMethodAccessorImpl.invoke(DelegatingMethodAccessorImpl.java:43)
	at java.lang.reflect.Method.invoke(Method.java:498)
	at org.testng.internal.MethodInvocationHelper.invokeMethod(MethodInvocationHelper.java:80)
	at org.testng.internal.Invoker.invokeMethod(Invoker.java:702)
	at org.testng.internal.Invoker.invokeTestMethod(Invoker.java:894)
	at org.testng.internal.Invoker.invokeTestMethods(Invoker.java:1219)
	at org.testng.internal.TestMethodWorker.invokeTestMethods(TestMethodWorker.java:127)
	at org.testng.internal.TestMethodWorker.run(TestMethodWorker.java:111)
	at org.testng.TestRunner.privateRun(TestRunner.java:768)
	at org.testng.TestRunner.run(TestRunner.java:617)
	at org.testng.SuiteRunner.runTest(SuiteRunner.java:334)
	at org.testng.SuiteRunner.runSequentially(SuiteRunner.java:329)
	at org.testng.SuiteRunner.privateRun(SuiteRunner.java:291)
	at org.testng.SuiteRunner.run(SuiteRunner.java:240)
	at org.testng.SuiteRunnerWorker.runSuite(SuiteRunnerWorker.java:53)
	at org.testng.SuiteRunnerWorker.run(SuiteRunnerWorker.java:87)
	at org.testng.TestNG.runSuitesSequentially(TestNG.java:1188)
	at org.testng.TestNG.runSuitesLocally(TestNG.java:1113)
	at org.testng.TestNG.run(TestNG.java:1025)
	at com.bluemeric.test.RunTest.runTests(Unknown Source)
	at com.bluemeric.test.RunTest.main(Unknown Source)
]]>
            </full-stacktrace>
          </exception> <!-- java.lang.AssertionError -->
        </test-method> <!-- getTest -->
      </class> <!-- com.bluemeric.test.GenerateTest -->
    </test> <!-- GET-Eureka-startup -->
  </suite> <!-- Eureka -->
</testng-results>
